<?xml version="1.0" encoding="UTF-8"?>
<!-- Generated by org.testng.reporters.JUnitReportReporter -->
<testsuite hostname="DESKTOP-MG0H1AJ" failures="0" tests="1" name="a1_googleTest.A1_GoogleTest" time="43.210" errors="0" timestamp="2023-05-23T11:40:37 IST" skipped="0">
  <testcase classname="a1_googleTest.A1_GoogleTest" name="validateGoogle" time="43.210"/>
  <system-out/>
</testsuite> <!-- a1_googleTest.A1_GoogleTest -->
